# JRE version: Java(TM) SE Runtime Environment (25.0.1+8) (build 25.0.1+8-LTS-27)
# Java VM: Java HotSpot(TM) 64-Bit Server VM (25.0.1+8-LTS-27, mixed mode, sharing, tiered, compressed oops, compressed class ptrs, g1 gc, windows-amd64)
GC Precious Log:
 CardTable entry size: 512
 Card Set container configuration: InlinePtr #cards 4 size 8 Array Of Cards #cards 32 size 80 Howl #buckets 8 coarsen threshold 7372 Howl Bitmap #cards 1024 size 144 coarsen threshold 921 Card regions per heap region 1 cards per card region 8192
 CPUs: 16 total, 16 available
 Memory: 14173M
 Large Page Support: Disabled
 NUMA Support: Disabled
 Compressed Oops: Enabled (Zero based)
 Heap Region Size: 4M
 Heap Min Capacity: 8M
 Heap Initial Capacity: 224M
 Heap Max Capacity: 8G
 Pre-touch: Disabled
 Parallel Workers: 13
 Concurrent Workers: 3
 Concurrent Refinement Workers: 13
 Periodic GC: Disabled
Heap:
 garbage-first heap   total reserved 8388608K, committed 147456K, used 87343K [0x0000000600000000, 0x0000000800000000)
  region size 4096K, 10 young (40960K), 2 survivors (8192K)
GC Heap Usage History (20 events):
Event: 4.865 {heap Before GC invocations=6 (full 0):
 garbage-first heap   total reserved 8388608K, committed 135168K, used 32499K [0x0000000600000000, 0x0000000800000000)
  region size 4096K, 3 young (12288K), 2 survivors (8192K)
}
Event: 4.869 {heap After GC invocations=7 (full 0):
 garbage-first heap   total reserved 8388608K, committed 135168K, used 33081K [0x0000000600000000, 0x0000000800000000)
  region size 4096K, 1 young (4096K), 1 survivors (4096K)
}
Event: 5.638 {heap Before GC invocations=8 (full 0):
 garbage-first heap   total reserved 8388608K, committed 122880K, used 102713K [0x0000000600000000, 0x0000000800000000)
  region size 4096K, 18 young (73728K), 1 survivors (4096K)
}
Event: 5.643 {heap After GC invocations=9 (full 0):
 garbage-first heap   total reserved 8388608K, committed 122880K, used 38703K [0x0000000600000000, 0x0000000800000000)
  region size 4096K, 3 young (12288K), 3 survivors (12288K)
}
Event: 6.082 {heap Before GC invocations=9 (full 0):
 garbage-first heap   total reserved 8388608K, committed 122880K, used 96047K [0x0000000600000000, 0x0000000800000000)
  region size 4096K, 17 young (69632K), 3 survivors (12288K)
}
Event: 6.088 {heap After GC invocations=10 (full 0):
 garbage-first heap   total reserved 8388608K, committed 122880K, used 39704K [0x0000000600000000, 0x0000000800000000)
  region size 4096K, 2 young (8192K), 2 survivors (8192K)
}
Event: 6.944 {heap Before GC invocations=10 (full 0):
 garbage-first heap   total reserved 8388608K, committed 122880K, used 97048K [0x0000000600000000, 0x0000000800000000)
  region size 4096K, 16 young (65536K), 2 survivors (8192K)
}
Event: 6.949 {heap After GC invocations=11 (full 0):
 garbage-first heap   total reserved 8388608K, committed 122880K, used 43344K [0x0000000600000000, 0x0000000800000000)
  region size 4096K, 2 young (8192K), 2 survivors (8192K)
}
Event: 7.905 {heap Before GC invocations=11 (full 0):
 garbage-first heap   total reserved 8388608K, committed 122880K, used 100688K [0x0000000600000000, 0x0000000800000000)
  region size 4096K, 16 young (65536K), 2 survivors (8192K)
}
Event: 7.911 {heap After GC invocations=12 (full 0):
 garbage-first heap   total reserved 8388608K, committed 122880K, used 47687K [0x0000000600000000, 0x0000000800000000)
  region size 4096K, 2 young (8192K), 2 survivors (8192K)
}
Event: 8.472 {heap Before GC invocations=12 (full 0):
 garbage-first heap   total reserved 8388608K, committed 122880K, used 105031K [0x0000000600000000, 0x0000000800000000)
  region size 4096K, 16 young (65536K), 2 survivors (8192K)
}
Event: 8.479 {heap After GC invocations=13 (full 0):
 garbage-first heap   total reserved 8388608K, committed 122880K, used 50623K [0x0000000600000000, 0x0000000800000000)
  region size 4096K, 1 young (4096K), 1 survivors (4096K)
}
Event: 8.810 {heap Before GC invocations=13 (full 0):
 garbage-first heap   total reserved 8388608K, committed 122880K, used 83391K [0x0000000600000000, 0x0000000800000000)
  region size 4096K, 11 young (45056K), 1 survivors (4096K)
}
Event: 8.814 {heap After GC invocations=14 (full 0):
 garbage-first heap   total reserved 8388608K, committed 122880K, used 55973K [0x0000000600000000, 0x0000000800000000)
  region size 4096K, 2 young (8192K), 2 survivors (8192K)
}
Event: 9.431 {heap Before GC invocations=15 (full 0):
 garbage-first heap   total reserved 8388608K, committed 122880K, used 101029K [0x0000000600000000, 0x0000000800000000)
  region size 4096K, 13 young (53248K), 2 survivors (8192K)
}
Event: 9.436 {heap After GC invocations=16 (full 0):
 garbage-first heap   total reserved 8388608K, committed 122880K, used 59055K [0x0000000600000000, 0x0000000800000000)
  region size 4096K, 1 young (4096K), 1 survivors (4096K)
}
Event: 9.804 {heap Before GC invocations=16 (full 0):
 garbage-first heap   total reserved 8388608K, committed 122880K, used 100015K [0x0000000600000000, 0x0000000800000000)
  region size 4096K, 11 young (45056K), 1 survivors (4096K)
}
Event: 9.810 {heap After GC invocations=17 (full 0):
 garbage-first heap   total reserved 8388608K, committed 122880K, used 60021K [0x0000000600000000, 0x0000000800000000)
  region size 4096K, 1 young (4096K), 1 survivors (4096K)
}
Event: 10.601 {heap Before GC invocations=17 (full 0):
 garbage-first heap   total reserved 8388608K, committed 122880K, used 105077K [0x0000000600000000, 0x0000000800000000)
  region size 4096K, 12 young (49152K), 1 survivors (4096K)
}
Event: 10.610 {heap After GC invocations=18 (full 0):
 garbage-first heap   total reserved 8388608K, committed 147456K, used 62767K [0x0000000600000000, 0x0000000800000000)
  region size 4096K, 2 young (8192K), 2 survivors (8192K)
}

